生成启动时间为 2022/6/21 22:09:55。
     1>项目“E:\cppProject\CPPprimerPlus\chapter05\Demo\Demo\Demo.vcxproj”在节点 2 上(build 个目标)。
     1>InitializeBuildStatus:
         正在创建“Debug\Demo.unsuccessfulbuild”，因为已指定“AlwaysCreate”。
       ClCompile:
         D:\Program Files (x86)\Microsoft Visual Studio 10.0\VC\bin\CL.exe /c /ZI /nologo /W3 /WX- /Od /Oy- /D _MBCS /Gm /EHsc /RTC1 /MDd /GS /fp:precise /Zc:wchar_t /Zc:forScope /Fo"Debug\\" /Fd"Debug\vc100.pdb" /Gd /TP /analyze- /errorReport:prompt Demo05.cpp
         Demo05.cpp
       Link:
         D:\Program Files (x86)\Microsoft Visual Studio 10.0\VC\bin\link.exe /ERRORREPORT:PROMPT /OUT:"E:\cppProject\CPPprimerPlus\chapter05\Demo\Debug\Demo.exe" /NOLOGO kernel32.lib user32.lib gdi32.lib winspool.lib comdlg32.lib advapi32.lib shell32.lib ole32.lib oleaut32.lib uuid.lib odbc32.lib odbccp32.lib /MANIFEST /ManifestFile:"Debug\Demo.exe.intermediate.manifest" /MANIFESTUAC:"level='asInvoker' uiAccess='false'" /DEBUG /PDB:"E:\cppProject\CPPprimerPlus\chapter05\Demo\Debug\Demo.pdb" /TLBID:1 /DYNAMICBASE /NXCOMPAT /IMPLIB:"E:\cppProject\CPPprimerPlus\chapter05\Demo\Debug\Demo.lib" /MACHINE:X86 Debug\Demo01.obj
         Debug\Demo02.obj
         Debug\Demo03.obj
         Debug\Demo04.obj
         Debug\Demo05.obj
         LINK : 没有找到 E:\cppProject\CPPprimerPlus\chapter05\Demo\Debug\Demo.exe 或上一个增量链接没有生成它；正在执行完全链接
         Demo.vcxproj -> E:\cppProject\CPPprimerPlus\chapter05\Demo\Debug\Demo.exe
       Manifest:
         C:\Program Files (x86)\Microsoft SDKs\Windows\v7.0A\bin\mt.exe /nologo /verbose /outputresource:"E:\cppProject\CPPprimerPlus\chapter05\Demo\Debug\Demo.exe;#1" /manifest Debug\Demo.exe.intermediate.manifest
       FinalizeBuildStatus:
         正在删除文件“Debug\Demo.unsuccessfulbuild”。
         正在对“Debug\Demo.lastbuildstate”执行 Touch 任务。
     1>已完成生成项目“E:\cppProject\CPPprimerPlus\chapter05\Demo\Demo\Demo.vcxproj”(build 个目标)的操作。

生成成功。

已用时间 00:00:01.29
